# JRE version: Java(TM) SE Runtime Environment (13.0.2+8) (build 13.0.2+8)
# Java VM: Java HotSpot(TM) 64-Bit Server VM (13.0.2+8, mixed mode, sharing, tiered, compressed oops, g1 gc, windows-amd64)
Heap:
 garbage-first heap   total 160768K, used 98296K [0x00000000a2200000, 0x0000000100000000)
  region size 1024K, 59 young (60416K), 11 survivors (11264K)
 Metaspace       used 810K, capacity 4779K, committed 4864K, reserved 1056768K
  class space    used 68K, capacity 466K, committed 512K, reserved 1048576K
GC Heap History (20 events):
Event: 0.400 GC heap before
{Heap before GC invocations=2 (full 0):
 garbage-first heap   total 96256K, used 43008K [0x00000000a2200000, 0x0000000100000000)
  region size 1024K, 4 young (4096K), 1 survivors (1024K)
 Metaspace       used 667K, capacity 4723K, committed 4864K, reserved 1056768K
  class space    used 55K, capacity 446K, committed 512K, reserved 1048576K
}
Event: 0.405 GC heap after
{Heap after GC invocations=3 (full 0):
 garbage-first heap   total 96256K, used 43008K [0x00000000a2200000, 0x0000000100000000)
  region size 1024K, 1 young (1024K), 1 survivors (1024K)
 Metaspace       used 667K, capacity 4723K, committed 4864K, reserved 1056768K
  class space    used 55K, capacity 446K, committed 512K, reserved 1048576K
}
Event: 0.415 GC heap before
{Heap before GC invocations=3 (full 0):
 garbage-first heap   total 96256K, used 46080K [0x00000000a2200000, 0x0000000100000000)
  region size 1024K, 4 young (4096K), 1 survivors (1024K)
 Metaspace       used 667K, capacity 4723K, committed 4864K, reserved 1056768K
  class space    used 55K, capacity 446K, committed 512K, reserved 1048576K
}
Event: 0.420 GC heap after
{Heap after GC invocations=4 (full 0):
 garbage-first heap   total 96256K, used 46080K [0x00000000a2200000, 0x0000000100000000)
  region size 1024K, 1 young (1024K), 1 survivors (1024K)
 Metaspace       used 667K, capacity 4723K, committed 4864K, reserved 1056768K
  class space    used 55K, capacity 446K, committed 512K, reserved 1048576K
}
Event: 0.429 GC heap before
{Heap before GC invocations=4 (full 0):
 garbage-first heap   total 96256K, used 49152K [0x00000000a2200000, 0x0000000100000000)
  region size 1024K, 4 young (4096K), 1 survivors (1024K)
 Metaspace       used 668K, capacity 4723K, committed 4864K, reserved 1056768K
  class space    used 55K, capacity 446K, committed 512K, reserved 1048576K
}
Event: 0.436 GC heap after
{Heap after GC invocations=5 (full 0):
 garbage-first heap   total 192512K, used 49152K [0x00000000a2200000, 0x0000000100000000)
  region size 1024K, 1 young (1024K), 1 survivors (1024K)
 Metaspace       used 668K, capacity 4723K, committed 4864K, reserved 1056768K
  class space    used 55K, capacity 446K, committed 512K, reserved 1048576K
}
Event: 0.465 GC heap before
{Heap before GC invocations=5 (full 0):
 garbage-first heap   total 167936K, used 54272K [0x00000000a2200000, 0x0000000100000000)
  region size 1024K, 15 young (15360K), 1 survivors (1024K)
 Metaspace       used 668K, capacity 4723K, committed 4864K, reserved 1056768K
  class space    used 55K, capacity 446K, committed 512K, reserved 1048576K
}
Event: 0.480 GC heap after
{Heap after GC invocations=6 (full 0):
 garbage-first heap   total 167936K, used 54026K [0x00000000a2200000, 0x0000000100000000)
  region size 1024K, 2 young (2048K), 2 survivors (2048K)
 Metaspace       used 668K, capacity 4723K, committed 4864K, reserved 1056768K
  class space    used 55K, capacity 446K, committed 512K, reserved 1048576K
}
Event: 0.494 GC heap before
{Heap before GC invocations=7 (full 0):
 garbage-first heap   total 167936K, used 80650K [0x00000000a2200000, 0x0000000100000000)
  region size 1024K, 23 young (23552K), 2 survivors (2048K)
 Metaspace       used 668K, capacity 4723K, committed 4864K, reserved 1056768K
  class space    used 55K, capacity 446K, committed 512K, reserved 1048576K
}
Event: 0.515 GC heap after
{Heap after GC invocations=8 (full 0):
 garbage-first heap   total 167936K, used 81408K [0x00000000a2200000, 0x0000000100000000)
  region size 1024K, 3 young (3072K), 3 survivors (3072K)
 Metaspace       used 668K, capacity 4723K, committed 4864K, reserved 1056768K
  class space    used 55K, capacity 446K, committed 512K, reserved 1048576K
}
Event: 0.533 GC heap before
{Heap before GC invocations=8 (full 0):
 garbage-first heap   total 167936K, used 95744K [0x00000000a2200000, 0x0000000100000000)
  region size 1024K, 18 young (18432K), 3 survivors (3072K)
 Metaspace       used 668K, capacity 4723K, committed 4864K, reserved 1056768K
  class space    used 55K, capacity 446K, committed 512K, reserved 1048576K
}
Event: 0.549 GC heap after
{Heap after GC invocations=9 (full 0):
 garbage-first heap   total 167936K, used 97280K [0x00000000a2200000, 0x0000000100000000)
  region size 1024K, 3 young (3072K), 3 survivors (3072K)
 Metaspace       used 668K, capacity 4723K, committed 4864K, reserved 1056768K
  class space    used 55K, capacity 446K, committed 512K, reserved 1048576K
}
Event: 0.559 GC heap before
{Heap before GC invocations=9 (full 0):
 garbage-first heap   total 167936K, used 117760K [0x00000000a2200000, 0x0000000100000000)
  region size 1024K, 19 young (19456K), 3 survivors (3072K)
 Metaspace       used 668K, capacity 4723K, committed 4864K, reserved 1056768K
  class space    used 55K, capacity 446K, committed 512K, reserved 1048576K
}
Event: 0.579 GC heap after
{Heap after GC invocations=10 (full 0):
 garbage-first heap   total 443392K, used 118784K [0x00000000a2200000, 0x0000000100000000)
  region size 1024K, 3 young (3072K), 3 survivors (3072K)
 Metaspace       used 668K, capacity 4723K, committed 4864K, reserved 1056768K
  class space    used 55K, capacity 446K, committed 512K, reserved 1048576K
}
Event: 3.051 GC heap before
{Heap before GC invocations=11 (full 0):
 garbage-first heap   total 443392K, used 209920K [0x00000000a2200000, 0x0000000100000000)
  region size 1024K, 67 young (68608K), 3 survivors (3072K)
 Metaspace       used 700K, capacity 4723K, committed 4864K, reserved 1056768K
  class space    used 55K, capacity 446K, committed 512K, reserved 1048576K
}
Event: 3.066 GC heap after
{Heap after GC invocations=12 (full 0):
 garbage-first heap   total 443392K, used 169932K [0x00000000a2200000, 0x0000000100000000)
  region size 1024K, 9 young (9216K), 9 survivors (9216K)
 Metaspace       used 700K, capacity 4723K, committed 4864K, reserved 1056768K
  class space    used 55K, capacity 446K, committed 512K, reserved 1048576K
}
Event: 4.256 GC heap before
{Heap before GC invocations=12 (full 0):
 garbage-first heap   total 443392K, used 279500K [0x00000000a2200000, 0x0000000100000000)
  region size 1024K, 85 young (87040K), 9 survivors (9216K)
 Metaspace       used 701K, capacity 4723K, committed 4864K, reserved 1056768K
  class space    used 55K, capacity 446K, committed 512K, reserved 1048576K
}
Event: 4.260 GC heap after
{Heap after GC invocations=13 (full 0):
 garbage-first heap   total 443392K, used 188019K [0x00000000a2200000, 0x0000000100000000)
  region size 1024K, 2 young (2048K), 2 survivors (2048K)
 Metaspace       used 701K, capacity 4723K, committed 4864K, reserved 1056768K
  class space    used 55K, capacity 446K, committed 512K, reserved 1048576K
}
Event: 8.388 GC heap before
{Heap before GC invocations=13 (full 0):
 garbage-first heap   total 443392K, used 222835K [0x00000000a2200000, 0x0000000100000000)
  region size 1024K, 26 young (26624K), 2 survivors (2048K)
 Metaspace       used 810K, capacity 4779K, committed 4864K, reserved 1056768K
  class space    used 68K, capacity 466K, committed 512K, reserved 1048576K
}
Event: 10.406 GC heap after
{Heap after GC invocations=14 (full 0):
 garbage-first heap   total 443392K, used 187384K [0x00000000a2200000, 0x0000000100000000)
  region size 1024K, 11 young (11264K), 11 survivors (11264K)
 Metaspace       used 810K, capacity 4779K, committed 4864K, reserved 1056768K
  class space    used 68K, capacity 466K, committed 512K, reserved 1048576K
}

