# JRE version: Java(TM) SE Runtime Environment (13.0.2+8) (build 13.0.2+8)
# Java VM: Java HotSpot(TM) 64-Bit Server VM (13.0.2+8, mixed mode, sharing, tiered, compressed oops, g1 gc, windows-amd64)
Heap:
 garbage-first heap   total 429056K, used 88064K [0x00000000a2200000, 0x0000000100000000)
  region size 1024K, 3 young (3072K), 3 survivors (3072K)
 Metaspace       used 927K, capacity 4790K, committed 4864K, reserved 1056768K
  class space    used 68K, capacity 467K, committed 512K, reserved 1048576K
GC Heap History (20 events):
Event: 1286.693 GC heap after
{Heap after GC invocations=1308 (full 0):
 garbage-first heap   total 256000K, used 36411K [0x00000000a2200000, 0x0000000100000000)
  region size 1024K, 3 young (3072K), 3 survivors (3072K)
 Metaspace       used 927K, capacity 4790K, committed 4864K, reserved 1056768K
  class space    used 68K, capacity 467K, committed 512K, reserved 1048576K
}
Event: 1289.018 GC heap before
{Heap before GC invocations=1308 (full 0):
 garbage-first heap   total 256000K, used 186939K [0x00000000a2200000, 0x0000000100000000)
  region size 1024K, 150 young (153600K), 3 survivors (3072K)
 Metaspace       used 927K, capacity 4790K, committed 4864K, reserved 1056768K
  class space    used 68K, capacity 467K, committed 512K, reserved 1048576K
}
Event: 1289.020 GC heap after
{Heap after GC invocations=1309 (full 0):
 garbage-first heap   total 256000K, used 35279K [0x00000000a2200000, 0x0000000100000000)
  region size 1024K, 2 young (2048K), 2 survivors (2048K)
 Metaspace       used 927K, capacity 4790K, committed 4864K, reserved 1056768K
  class space    used 68K, capacity 467K, committed 512K, reserved 1048576K
}
Event: 1290.473 GC heap before
{Heap before GC invocations=1309 (full 0):
 garbage-first heap   total 256000K, used 186831K [0x00000000a2200000, 0x0000000100000000)
  region size 1024K, 150 young (153600K), 2 survivors (2048K)
 Metaspace       used 927K, capacity 4790K, committed 4864K, reserved 1056768K
  class space    used 68K, capacity 467K, committed 512K, reserved 1048576K
}
Event: 1290.651 GC heap after
{Heap after GC invocations=1310 (full 0):
 garbage-first heap   total 256000K, used 91706K [0x00000000a2200000, 0x0000000100000000)
  region size 1024K, 19 young (19456K), 19 survivors (19456K)
 Metaspace       used 927K, capacity 4790K, committed 4864K, reserved 1056768K
  class space    used 68K, capacity 467K, committed 512K, reserved 1048576K
}
Event: 1292.355 GC heap before
{Heap before GC invocations=1310 (full 0):
 garbage-first heap   total 256000K, used 163386K [0x00000000a2200000, 0x0000000100000000)
  region size 1024K, 89 young (91136K), 19 survivors (19456K)
 Metaspace       used 927K, capacity 4790K, committed 4864K, reserved 1056768K
  class space    used 68K, capacity 467K, committed 512K, reserved 1048576K
}
Event: 1292.574 GC heap after
{Heap after GC invocations=1311 (full 0):
 garbage-first heap   total 256000K, used 95716K [0x00000000a2200000, 0x0000000100000000)
  region size 1024K, 3 young (3072K), 3 survivors (3072K)
 Metaspace       used 927K, capacity 4790K, committed 4864K, reserved 1056768K
  class space    used 68K, capacity 467K, committed 512K, reserved 1048576K
}
Event: 1293.607 GC heap before
{Heap before GC invocations=1312 (full 0):
 garbage-first heap   total 242688K, used 146916K [0x00000000a2200000, 0x0000000100000000)
  region size 1024K, 78 young (79872K), 3 survivors (3072K)
 Metaspace       used 927K, capacity 4790K, committed 4864K, reserved 1056768K
  class space    used 68K, capacity 467K, committed 512K, reserved 1048576K
}
Event: 1293.615 GC heap after
{Heap after GC invocations=1313 (full 0):
 garbage-first heap   total 242688K, used 69120K [0x00000000a2200000, 0x0000000100000000)
  region size 1024K, 2 young (2048K), 2 survivors (2048K)
 Metaspace       used 927K, capacity 4790K, committed 4864K, reserved 1056768K
  class space    used 68K, capacity 467K, committed 512K, reserved 1048576K
}
Event: 1293.653 GC heap before
{Heap before GC invocations=1313 (full 0):
 garbage-first heap   total 242688K, used 78336K [0x00000000a2200000, 0x0000000100000000)
  region size 1024K, 11 young (11264K), 2 survivors (2048K)
 Metaspace       used 927K, capacity 4790K, committed 4864K, reserved 1056768K
  class space    used 68K, capacity 467K, committed 512K, reserved 1048576K
}
Event: 1293.664 GC heap after
{Heap after GC invocations=1314 (full 0):
 garbage-first heap   total 242688K, used 45196K [0x00000000a2200000, 0x0000000100000000)
  region size 1024K, 1 young (1024K), 1 survivors (1024K)
 Metaspace       used 927K, capacity 4790K, committed 4864K, reserved 1056768K
  class space    used 68K, capacity 467K, committed 512K, reserved 1048576K
}
Event: 1293.706 GC heap before
{Heap before GC invocations=1314 (full 0):
 garbage-first heap   total 242688K, used 55436K [0x00000000a2200000, 0x0000000100000000)
  region size 1024K, 11 young (11264K), 1 survivors (1024K)
 Metaspace       used 927K, capacity 4790K, committed 4864K, reserved 1056768K
  class space    used 68K, capacity 467K, committed 512K, reserved 1048576K
}
Event: 1293.752 GC heap after
{Heap after GC invocations=1315 (full 0):
 garbage-first heap   total 242688K, used 31515K [0x00000000a2200000, 0x0000000100000000)
  region size 1024K, 1 young (1024K), 1 survivors (1024K)
 Metaspace       used 927K, capacity 4790K, committed 4864K, reserved 1056768K
  class space    used 68K, capacity 467K, committed 512K, reserved 1048576K
}
Event: 1294.956 GC heap before
{Heap before GC invocations=1315 (full 0):
 garbage-first heap   total 242688K, used 143131K [0x00000000a2200000, 0x0000000100000000)
  region size 1024K, 110 young (112640K), 1 survivors (1024K)
 Metaspace       used 927K, capacity 4790K, committed 4864K, reserved 1056768K
  class space    used 68K, capacity 467K, committed 512K, reserved 1048576K
}
Event: 1294.967 GC heap after
{Heap after GC invocations=1316 (full 0):
 garbage-first heap   total 242688K, used 38949K [0x00000000a2200000, 0x0000000100000000)
  region size 1024K, 8 young (8192K), 8 survivors (8192K)
 Metaspace       used 927K, capacity 4790K, committed 4864K, reserved 1056768K
  class space    used 68K, capacity 467K, committed 512K, reserved 1048576K
}
Event: 1296.963 GC heap before
{Heap before GC invocations=1316 (full 0):
 garbage-first heap   total 242688K, used 152613K [0x00000000a2200000, 0x0000000100000000)
  region size 1024K, 119 young (121856K), 8 survivors (8192K)
 Metaspace       used 927K, capacity 4790K, committed 4864K, reserved 1056768K
  class space    used 68K, capacity 467K, committed 512K, reserved 1048576K
}
Event: 1296.966 GC heap after
{Heap after GC invocations=1317 (full 0):
 garbage-first heap   total 242688K, used 32726K [0x00000000a2200000, 0x0000000100000000)
  region size 1024K, 2 young (2048K), 2 survivors (2048K)
 Metaspace       used 927K, capacity 4790K, committed 4864K, reserved 1056768K
  class space    used 68K, capacity 467K, committed 512K, reserved 1048576K
}
Event: 1297.712 GC heap before
{Heap before GC invocations=1317 (full 0):
 garbage-first heap   total 242688K, used 157654K [0x00000000a2200000, 0x0000000100000000)
  region size 1024K, 124 young (126976K), 2 survivors (2048K)
 Metaspace       used 927K, capacity 4790K, committed 4864K, reserved 1056768K
  class space    used 68K, capacity 467K, committed 512K, reserved 1048576K
}
Event: 1297.814 GC heap after
{Heap after GC invocations=1318 (full 0):
 garbage-first heap   total 242688K, used 84032K [0x00000000a2200000, 0x0000000100000000)
  region size 1024K, 16 young (16384K), 16 survivors (16384K)
 Metaspace       used 927K, capacity 4790K, committed 4864K, reserved 1056768K
  class space    used 68K, capacity 467K, committed 512K, reserved 1048576K
}
Event: 1299.707 GC heap before
{Heap before GC invocations=1318 (full 0):
 garbage-first heap   total 242688K, used 150592K [0x00000000a2200000, 0x0000000100000000)
  region size 1024K, 81 young (82944K), 16 survivors (16384K)
 Metaspace       used 927K, capacity 4790K, committed 4864K, reserved 1056768K
  class space    used 68K, capacity 467K, committed 512K, reserved 1048576K
}

