# JRE version: Java(TM) SE Runtime Environment (13.0.2+8) (build 13.0.2+8)
# Java VM: Java HotSpot(TM) 64-Bit Server VM (13.0.2+8, mixed mode, sharing, tiered, compressed oops, g1 gc, windows-amd64)
Heap:
 garbage-first heap   total 491520K, used 148992K [0x00000000a2200000, 0x0000000100000000)
  region size 1024K, 2 young (2048K), 2 survivors (2048K)
 Metaspace       used 677K, capacity 4723K, committed 4864K, reserved 1056768K
  class space    used 55K, capacity 446K, committed 512K, reserved 1048576K
GC Heap History (17 events):
Event: 0.340 GC heap before
{Heap before GC invocations=0 (full 0):
 garbage-first heap   total 96256K, used 39936K [0x00000000a2200000, 0x0000000100000000)
  region size 1024K, 24 young (24576K), 0 survivors (0K)
 Metaspace       used 673K, capacity 4723K, committed 4864K, reserved 1056768K
  class space    used 55K, capacity 446K, committed 512K, reserved 1048576K
}
Event: 0.380 GC heap after
{Heap after GC invocations=1 (full 0):
 garbage-first heap   total 96256K, used 38072K [0x00000000a2200000, 0x0000000100000000)
  region size 1024K, 3 young (3072K), 3 survivors (3072K)
 Metaspace       used 673K, capacity 4723K, committed 4864K, reserved 1056768K
  class space    used 55K, capacity 446K, committed 512K, reserved 1048576K
}
Event: 0.382 GC heap before
{Heap before GC invocations=1 (full 0):
 garbage-first heap   total 96256K, used 39096K [0x00000000a2200000, 0x0000000100000000)
  region size 1024K, 4 young (4096K), 3 survivors (3072K)
 Metaspace       used 674K, capacity 4723K, committed 4864K, reserved 1056768K
  class space    used 55K, capacity 446K, committed 512K, reserved 1048576K
}
Event: 0.388 GC heap after
{Heap after GC invocations=2 (full 0):
 garbage-first heap   total 96256K, used 39424K [0x00000000a2200000, 0x0000000100000000)
  region size 1024K, 1 young (1024K), 1 survivors (1024K)
 Metaspace       used 674K, capacity 4723K, committed 4864K, reserved 1056768K
  class space    used 55K, capacity 446K, committed 512K, reserved 1048576K
}
Event: 0.394 GC heap before
{Heap before GC invocations=2 (full 0):
 garbage-first heap   total 96256K, used 42496K [0x00000000a2200000, 0x0000000100000000)
  region size 1024K, 4 young (4096K), 1 survivors (1024K)
 Metaspace       used 676K, capacity 4723K, committed 4864K, reserved 1056768K
  class space    used 55K, capacity 446K, committed 512K, reserved 1048576K
}
Event: 0.398 GC heap after
{Heap after GC invocations=3 (full 0):
 garbage-first heap   total 96256K, used 43008K [0x00000000a2200000, 0x0000000100000000)
  region size 1024K, 1 young (1024K), 1 survivors (1024K)
 Metaspace       used 676K, capacity 4723K, committed 4864K, reserved 1056768K
  class space    used 55K, capacity 446K, committed 512K, reserved 1048576K
}
Event: 0.420 GC heap before
{Heap before GC invocations=3 (full 0):
 garbage-first heap   total 96256K, used 56320K [0x00000000a2200000, 0x0000000100000000)
  region size 1024K, 14 young (14336K), 1 survivors (1024K)
 Metaspace       used 677K, capacity 4723K, committed 4864K, reserved 1056768K
  class space    used 55K, capacity 446K, committed 512K, reserved 1048576K
}
Event: 0.432 GC heap after
{Heap after GC invocations=4 (full 0):
 garbage-first heap   total 96256K, used 56709K [0x00000000a2200000, 0x0000000100000000)
  region size 1024K, 2 young (2048K), 2 survivors (2048K)
 Metaspace       used 677K, capacity 4723K, committed 4864K, reserved 1056768K
  class space    used 55K, capacity 446K, committed 512K, reserved 1048576K
}
Event: 0.436 GC heap before
{Heap before GC invocations=4 (full 0):
 garbage-first heap   total 96256K, used 59781K [0x00000000a2200000, 0x0000000100000000)
  region size 1024K, 6 young (6144K), 2 survivors (2048K)
 Metaspace       used 677K, capacity 4723K, committed 4864K, reserved 1056768K
  class space    used 55K, capacity 446K, committed 512K, reserved 1048576K
}
Event: 0.445 GC heap after
{Heap after GC invocations=5 (full 0):
 garbage-first heap   total 192512K, used 60928K [0x00000000a2200000, 0x0000000100000000)
  region size 1024K, 2 young (2048K), 2 survivors (2048K)
 Metaspace       used 677K, capacity 4723K, committed 4864K, reserved 1056768K
  class space    used 55K, capacity 446K, committed 512K, reserved 1048576K
}
Event: 0.482 GC heap before
{Heap before GC invocations=6 (full 0):
 garbage-first heap   total 192512K, used 87552K [0x00000000a2200000, 0x0000000100000000)
  region size 1024K, 33 young (33792K), 2 survivors (2048K)
 Metaspace       used 677K, capacity 4723K, committed 4864K, reserved 1056768K
  class space    used 55K, capacity 446K, committed 512K, reserved 1048576K
}
Event: 0.505 GC heap after
{Heap after GC invocations=7 (full 0):
 garbage-first heap   total 192512K, used 87830K [0x00000000a2200000, 0x0000000100000000)
  region size 1024K, 5 young (5120K), 5 survivors (5120K)
 Metaspace       used 677K, capacity 4723K, committed 4864K, reserved 1056768K
  class space    used 55K, capacity 446K, committed 512K, reserved 1048576K
}
Event: 0.520 GC heap before
{Heap before GC invocations=7 (full 0):
 garbage-first heap   total 192512K, used 118550K [0x00000000a2200000, 0x0000000100000000)
  region size 1024K, 31 young (31744K), 5 survivors (5120K)
 Metaspace       used 677K, capacity 4723K, committed 4864K, reserved 1056768K
  class space    used 55K, capacity 446K, committed 512K, reserved 1048576K
}
Event: 0.539 GC heap after
{Heap after GC invocations=8 (full 0):
 garbage-first heap   total 192512K, used 119296K [0x00000000a2200000, 0x0000000100000000)
  region size 1024K, 4 young (4096K), 4 survivors (4096K)
 Metaspace       used 677K, capacity 4723K, committed 4864K, reserved 1056768K
  class space    used 55K, capacity 446K, committed 512K, reserved 1048576K
}
Event: 0.542 GC heap before
{Heap before GC invocations=8 (full 0):
 garbage-first heap   total 192512K, used 129536K [0x00000000a2200000, 0x0000000100000000)
  region size 1024K, 15 young (15360K), 4 survivors (4096K)
 Metaspace       used 677K, capacity 4723K, committed 4864K, reserved 1056768K
  class space    used 55K, capacity 446K, committed 512K, reserved 1048576K
}
Event: 0.551 GC heap after
{Heap after GC invocations=9 (full 0):
 garbage-first heap   total 192512K, used 130560K [0x00000000a2200000, 0x0000000100000000)
  region size 1024K, 3 young (3072K), 3 survivors (3072K)
 Metaspace       used 677K, capacity 4723K, committed 4864K, reserved 1056768K
  class space    used 55K, capacity 446K, committed 512K, reserved 1048576K
}
Event: 0.559 GC heap before
{Heap before GC invocations=9 (full 0):
 garbage-first heap   total 192512K, used 147968K [0x00000000a2200000, 0x0000000100000000)
  region size 1024K, 15 young (15360K), 3 survivors (3072K)
 Metaspace       used 677K, capacity 4723K, committed 4864K, reserved 1056768K
  class space    used 55K, capacity 446K, committed 512K, reserved 1048576K
}

