# JRE version: Java(TM) SE Runtime Environment (13.0.2+8) (build 13.0.2+8)
# Java VM: Java HotSpot(TM) 64-Bit Server VM (13.0.2+8, mixed mode, sharing, tiered, compressed oops, g1 gc, windows-amd64)
Heap:
 garbage-first heap   total 647168K, used 139264K [0x00000000a2200000, 0x0000000100000000)
  region size 1024K, 5 young (5120K), 5 survivors (5120K)
 Metaspace       used 683K, capacity 4723K, committed 4864K, reserved 1056768K
  class space    used 55K, capacity 446K, committed 512K, reserved 1048576K
GC Heap History (17 events):
Event: 0.317 GC heap before
{Heap before GC invocations=0 (full 0):
 garbage-first heap   total 96256K, used 24576K [0x00000000a2200000, 0x0000000100000000)
  region size 1024K, 24 young (24576K), 0 survivors (0K)
 Metaspace       used 650K, capacity 4713K, committed 4864K, reserved 1056768K
  class space    used 53K, capacity 442K, committed 512K, reserved 1048576K
}
Event: 0.366 GC heap after
{Heap after GC invocations=1 (full 0):
 garbage-first heap   total 96256K, used 20696K [0x00000000a2200000, 0x0000000100000000)
  region size 1024K, 3 young (3072K), 3 survivors (3072K)
 Metaspace       used 650K, capacity 4713K, committed 4864K, reserved 1056768K
  class space    used 53K, capacity 442K, committed 512K, reserved 1048576K
}
Event: 0.412 GC heap before
{Heap before GC invocations=1 (full 0):
 garbage-first heap   total 96256K, used 32984K [0x00000000a2200000, 0x0000000100000000)
  region size 1024K, 15 young (15360K), 3 survivors (3072K)
 Metaspace       used 650K, capacity 4713K, committed 4864K, reserved 1056768K
  class space    used 53K, capacity 442K, committed 512K, reserved 1048576K
}
Event: 0.469 GC heap after
{Heap after GC invocations=2 (full 0):
 garbage-first heap   total 96256K, used 32768K [0x00000000a2200000, 0x0000000100000000)
  region size 1024K, 2 young (2048K), 2 survivors (2048K)
 Metaspace       used 650K, capacity 4713K, committed 4864K, reserved 1056768K
  class space    used 53K, capacity 442K, committed 512K, reserved 1048576K
}
Event: 0.479 GC heap before
{Heap before GC invocations=2 (full 0):
 garbage-first heap   total 96256K, used 34816K [0x00000000a2200000, 0x0000000100000000)
  region size 1024K, 4 young (4096K), 2 survivors (2048K)
 Metaspace       used 650K, capacity 4713K, committed 4864K, reserved 1056768K
  class space    used 53K, capacity 442K, committed 512K, reserved 1048576K
}
Event: 0.497 GC heap after
{Heap after GC invocations=3 (full 0):
 garbage-first heap   total 96256K, used 35328K [0x00000000a2200000, 0x0000000100000000)
  region size 1024K, 1 young (1024K), 1 survivors (1024K)
 Metaspace       used 650K, capacity 4713K, committed 4864K, reserved 1056768K
  class space    used 53K, capacity 442K, committed 512K, reserved 1048576K
}
Event: 0.505 GC heap before
{Heap before GC invocations=3 (full 0):
 garbage-first heap   total 96256K, used 38400K [0x00000000a2200000, 0x0000000100000000)
  region size 1024K, 4 young (4096K), 1 survivors (1024K)
 Metaspace       used 650K, capacity 4713K, committed 4864K, reserved 1056768K
  class space    used 53K, capacity 442K, committed 512K, reserved 1048576K
}
Event: 0.517 GC heap after
{Heap after GC invocations=4 (full 0):
 garbage-first heap   total 96256K, used 38400K [0x00000000a2200000, 0x0000000100000000)
  region size 1024K, 1 young (1024K), 1 survivors (1024K)
 Metaspace       used 650K, capacity 4713K, committed 4864K, reserved 1056768K
  class space    used 53K, capacity 442K, committed 512K, reserved 1048576K
}
Event: 0.524 GC heap before
{Heap before GC invocations=4 (full 0):
 garbage-first heap   total 96256K, used 41472K [0x00000000a2200000, 0x0000000100000000)
  region size 1024K, 4 young (4096K), 1 survivors (1024K)
 Metaspace       used 650K, capacity 4713K, committed 4864K, reserved 1056768K
  class space    used 53K, capacity 442K, committed 512K, reserved 1048576K
}
Event: 0.535 GC heap after
{Heap after GC invocations=5 (full 0):
 garbage-first heap   total 258048K, used 41670K [0x00000000a2200000, 0x0000000100000000)
  region size 1024K, 1 young (1024K), 1 survivors (1024K)
 Metaspace       used 650K, capacity 4713K, committed 4864K, reserved 1056768K
  class space    used 53K, capacity 442K, committed 512K, reserved 1048576K
}
Event: 0.594 GC heap before
{Heap before GC invocations=5 (full 0):
 garbage-first heap   total 258048K, used 60102K [0x00000000a2200000, 0x0000000100000000)
  region size 1024K, 19 young (19456K), 1 survivors (1024K)
 Metaspace       used 650K, capacity 4713K, committed 4864K, reserved 1056768K
  class space    used 53K, capacity 442K, committed 512K, reserved 1048576K
}
Event: 0.620 GC heap after
{Heap after GC invocations=6 (full 0):
 garbage-first heap   total 258048K, used 60224K [0x00000000a2200000, 0x0000000100000000)
  region size 1024K, 3 young (3072K), 3 survivors (3072K)
 Metaspace       used 650K, capacity 4713K, committed 4864K, reserved 1056768K
  class space    used 53K, capacity 442K, committed 512K, reserved 1048576K
}
Event: 0.662 GC heap before
{Heap before GC invocations=6 (full 0):
 garbage-first heap   total 258048K, used 84800K [0x00000000a2200000, 0x0000000100000000)
  region size 1024K, 20 young (20480K), 3 survivors (3072K)
 Metaspace       used 679K, capacity 4723K, committed 4864K, reserved 1056768K
  class space    used 55K, capacity 446K, committed 512K, reserved 1048576K
}
Event: 0.683 GC heap after
{Heap after GC invocations=7 (full 0):
 garbage-first heap   total 258048K, used 84394K [0x00000000a2200000, 0x0000000100000000)
  region size 1024K, 3 young (3072K), 3 survivors (3072K)
 Metaspace       used 679K, capacity 4723K, committed 4864K, reserved 1056768K
  class space    used 55K, capacity 446K, committed 512K, reserved 1048576K
}
Event: 0.713 GC heap before
{Heap before GC invocations=7 (full 0):
 garbage-first heap   total 258048K, used 115114K [0x00000000a2200000, 0x0000000100000000)
  region size 1024K, 24 young (24576K), 3 survivors (3072K)
 Metaspace       used 683K, capacity 4723K, committed 4864K, reserved 1056768K
  class space    used 55K, capacity 446K, committed 512K, reserved 1048576K
}
Event: 0.730 GC heap after
{Heap after GC invocations=8 (full 0):
 garbage-first heap   total 258048K, used 116719K [0x00000000a2200000, 0x0000000100000000)
  region size 1024K, 3 young (3072K), 3 survivors (3072K)
 Metaspace       used 683K, capacity 4723K, committed 4864K, reserved 1056768K
  class space    used 55K, capacity 446K, committed 512K, reserved 1048576K
}
Event: 0.747 GC heap before
{Heap before GC invocations=8 (full 0):
 garbage-first heap   total 258048K, used 137199K [0x00000000a2200000, 0x0000000100000000)
  region size 1024K, 22 young (22528K), 3 survivors (3072K)
 Metaspace       used 683K, capacity 4723K, committed 4864K, reserved 1056768K
  class space    used 55K, capacity 446K, committed 512K, reserved 1048576K
}

