# JRE version: Java(TM) SE Runtime Environment (13.0.2+8) (build 13.0.2+8)
# Java VM: Java HotSpot(TM) 64-Bit Server VM (13.0.2+8, mixed mode, sharing, tiered, compressed oops, g1 gc, windows-amd64)
Heap:
 garbage-first heap   total 350208K, used 148395K [0x00000000a2200000, 0x0000000100000000)
  region size 1024K, 1 young (1024K), 1 survivors (1024K)
 Metaspace       used 825K, capacity 4775K, committed 4864K, reserved 1056768K
  class space    used 68K, capacity 466K, committed 512K, reserved 1048576K
GC Heap History (20 events):
Event: 38.146 GC heap after
{Heap after GC invocations=177 (full 0):
 garbage-first heap   total 247808K, used 151413K [0x00000000a2200000, 0x0000000100000000)
  region size 1024K, 5 young (5120K), 5 survivors (5120K)
 Metaspace       used 824K, capacity 4775K, committed 4864K, reserved 1056768K
  class space    used 68K, capacity 466K, committed 512K, reserved 1048576K
}
Event: 38.477 GC heap before
{Heap before GC invocations=178 (full 0):
 garbage-first heap   total 247808K, used 164725K [0x00000000a2200000, 0x0000000100000000)
  region size 1024K, 11 young (11264K), 5 survivors (5120K)
 Metaspace       used 824K, capacity 4775K, committed 4864K, reserved 1056768K
  class space    used 68K, capacity 466K, committed 512K, reserved 1048576K
}
Event: 38.502 GC heap after
{Heap after GC invocations=179 (full 0):
 garbage-first heap   total 247808K, used 156530K [0x00000000a2200000, 0x0000000100000000)
  region size 1024K, 4 young (4096K), 4 survivors (4096K)
 Metaspace       used 824K, capacity 4775K, committed 4864K, reserved 1056768K
  class space    used 68K, capacity 466K, committed 512K, reserved 1048576K
}
Event: 39.074 GC heap before
{Heap before GC invocations=180 (full 0):
 garbage-first heap   total 275456K, used 167794K [0x00000000a2200000, 0x0000000100000000)
  region size 1024K, 9 young (9216K), 4 survivors (4096K)
 Metaspace       used 824K, capacity 4775K, committed 4864K, reserved 1056768K
  class space    used 68K, capacity 466K, committed 512K, reserved 1048576K
}
Event: 39.082 GC heap after
{Heap after GC invocations=181 (full 0):
 garbage-first heap   total 275456K, used 148718K [0x00000000a2200000, 0x0000000100000000)
  region size 1024K, 1 young (1024K), 1 survivors (1024K)
 Metaspace       used 824K, capacity 4775K, committed 4864K, reserved 1056768K
  class space    used 68K, capacity 466K, committed 512K, reserved 1048576K
}
Event: 40.367 GC heap before
{Heap before GC invocations=182 (full 0):
 garbage-first heap   total 304128K, used 189678K [0x00000000a2200000, 0x0000000100000000)
  region size 1024K, 11 young (11264K), 1 survivors (1024K)
 Metaspace       used 824K, capacity 4775K, committed 4864K, reserved 1056768K
  class space    used 68K, capacity 466K, committed 512K, reserved 1048576K
}
Event: 40.370 GC heap after
{Heap after GC invocations=183 (full 0):
 garbage-first heap   total 304128K, used 148878K [0x00000000a2200000, 0x0000000100000000)
  region size 1024K, 2 young (2048K), 2 survivors (2048K)
 Metaspace       used 824K, capacity 4775K, committed 4864K, reserved 1056768K
  class space    used 68K, capacity 466K, committed 512K, reserved 1048576K
}
Event: 41.457 GC heap before
{Heap before GC invocations=184 (full 0):
 garbage-first heap   total 358400K, used 222606K [0x00000000a2200000, 0x0000000100000000)
  region size 1024K, 13 young (13312K), 2 survivors (2048K)
 Metaspace       used 825K, capacity 4775K, committed 4864K, reserved 1056768K
  class space    used 68K, capacity 466K, committed 512K, reserved 1048576K
}
Event: 41.473 GC heap after
{Heap after GC invocations=185 (full 0):
 garbage-first heap   total 358400K, used 151934K [0x00000000a2200000, 0x0000000100000000)
  region size 1024K, 5 young (5120K), 5 survivors (5120K)
 Metaspace       used 825K, capacity 4775K, committed 4864K, reserved 1056768K
  class space    used 68K, capacity 466K, committed 512K, reserved 1048576K
}
Event: 41.546 GC heap before
{Heap before GC invocations=186 (full 0):
 garbage-first heap   total 86016K, used 84350K [0x00000000a2200000, 0x0000000100000000)
  region size 1024K, 51 young (52224K), 5 survivors (5120K)
 Metaspace       used 825K, capacity 4775K, committed 4864K, reserved 1056768K
  class space    used 68K, capacity 466K, committed 512K, reserved 1048576K
}
Event: 41.624 GC heap after
{Heap after GC invocations=187 (full 0):
 garbage-first heap   total 136192K, used 82364K [0x00000000a2200000, 0x0000000100000000)
  region size 1024K, 11 young (11264K), 11 survivors (11264K)
 Metaspace       used 825K, capacity 4775K, committed 4864K, reserved 1056768K
  class space    used 68K, capacity 466K, committed 512K, reserved 1048576K
}
Event: 41.625 GC heap before
{Heap before GC invocations=187 (full 0):
 garbage-first heap   total 136192K, used 85436K [0x00000000a2200000, 0x0000000100000000)
  region size 1024K, 12 young (12288K), 11 survivors (11264K)
 Metaspace       used 825K, capacity 4775K, committed 4864K, reserved 1056768K
  class space    used 68K, capacity 466K, committed 512K, reserved 1048576K
}
Event: 41.665 GC heap after
{Heap after GC invocations=188 (full 0):
 garbage-first heap   total 264192K, used 74134K [0x00000000a2200000, 0x0000000100000000)
  region size 1024K, 2 young (2048K), 2 survivors (2048K)
 Metaspace       used 825K, capacity 4775K, committed 4864K, reserved 1056768K
  class space    used 68K, capacity 466K, committed 512K, reserved 1048576K
}
Event: 41.674 GC heap before
{Heap before GC invocations=188 (full 0):
 garbage-first heap   total 264192K, used 85398K [0x00000000a2200000, 0x0000000100000000)
  region size 1024K, 14 young (14336K), 2 survivors (2048K)
 Metaspace       used 825K, capacity 4775K, committed 4864K, reserved 1056768K
  class space    used 68K, capacity 466K, committed 512K, reserved 1048576K
}
Event: 41.690 GC heap after
{Heap after GC invocations=189 (full 0):
 garbage-first heap   total 264192K, used 87040K [0x00000000a2200000, 0x0000000100000000)
  region size 1024K, 9 young (9216K), 9 survivors (9216K)
 Metaspace       used 825K, capacity 4775K, committed 4864K, reserved 1056768K
  class space    used 68K, capacity 466K, committed 512K, reserved 1048576K
}
Event: 41.755 GC heap before
{Heap before GC invocations=189 (full 0):
 garbage-first heap   total 264192K, used 148480K [0x00000000a2200000, 0x0000000100000000)
  region size 1024K, 70 young (71680K), 9 survivors (9216K)
 Metaspace       used 825K, capacity 4775K, committed 4864K, reserved 1056768K
  class space    used 68K, capacity 466K, committed 512K, reserved 1048576K
}
Event: 41.833 GC heap after
{Heap after GC invocations=190 (full 0):
 garbage-first heap   total 264192K, used 148936K [0x00000000a2200000, 0x0000000100000000)
  region size 1024K, 9 young (9216K), 9 survivors (9216K)
 Metaspace       used 825K, capacity 4775K, committed 4864K, reserved 1056768K
  class space    used 68K, capacity 466K, committed 512K, reserved 1048576K
}
Event: 41.987 GC heap before
{Heap before GC invocations=191 (full 0):
 garbage-first heap   total 264192K, used 162248K [0x00000000a2200000, 0x0000000100000000)
  region size 1024K, 15 young (15360K), 9 survivors (9216K)
 Metaspace       used 825K, capacity 4775K, committed 4864K, reserved 1056768K
  class space    used 68K, capacity 466K, committed 512K, reserved 1048576K
}
Event: 42.017 GC heap after
{Heap after GC invocations=192 (full 0):
 garbage-first heap   total 264192K, used 156160K [0x00000000a2200000, 0x0000000100000000)
  region size 1024K, 5 young (5120K), 5 survivors (5120K)
 Metaspace       used 825K, capacity 4775K, committed 4864K, reserved 1056768K
  class space    used 68K, capacity 466K, committed 512K, reserved 1048576K
}
Event: 42.333 GC heap before
{Heap before GC invocations=193 (full 0):
 garbage-first heap   total 275456K, used 164352K [0x00000000a2200000, 0x0000000100000000)
  region size 1024K, 7 young (7168K), 5 survivors (5120K)
 Metaspace       used 825K, capacity 4775K, committed 4864K, reserved 1056768K
  class space    used 68K, capacity 466K, committed 512K, reserved 1048576K
}

