# JRE version: Java(TM) SE Runtime Environment (13.0.2+8) (build 13.0.2+8)
# Java VM: Java HotSpot(TM) 64-Bit Server VM (13.0.2+8, mixed mode, sharing, tiered, compressed oops, g1 gc, windows-amd64)
Heap:
 garbage-first heap   total 192512K, used 31203K [0x00000000a2200000, 0x0000000100000000)
  region size 1024K, 3 young (3072K), 3 survivors (3072K)
 Metaspace       used 548K, capacity 4599K, committed 4864K, reserved 1056768K
  class space    used 41K, capacity 402K, committed 512K, reserved 1048576K
GC Heap History (9 events):
Event: 0.391 GC heap before
{Heap before GC invocations=0 (full 0):
 garbage-first heap   total 96256K, used 24576K [0x00000000a2200000, 0x0000000100000000)
  region size 1024K, 24 young (24576K), 0 survivors (0K)
 Metaspace       used 544K, capacity 4599K, committed 4864K, reserved 1056768K
  class space    used 41K, capacity 402K, committed 512K, reserved 1048576K
}
Event: 0.419 GC heap after
{Heap after GC invocations=1 (full 0):
 garbage-first heap   total 96256K, used 11900K [0x00000000a2200000, 0x0000000100000000)
  region size 1024K, 3 young (3072K), 3 survivors (3072K)
 Metaspace       used 544K, capacity 4599K, committed 4864K, reserved 1056768K
  class space    used 41K, capacity 402K, committed 512K, reserved 1048576K
}
Event: 0.466 GC heap before
{Heap before GC invocations=1 (full 0):
 garbage-first heap   total 96256K, used 27260K [0x00000000a2200000, 0x0000000100000000)
  region size 1024K, 18 young (18432K), 3 survivors (3072K)
 Metaspace       used 547K, capacity 4599K, committed 4864K, reserved 1056768K
  class space    used 41K, capacity 402K, committed 512K, reserved 1048576K
}
Event: 0.484 GC heap after
{Heap after GC invocations=2 (full 0):
 garbage-first heap   total 96256K, used 19456K [0x00000000a2200000, 0x0000000100000000)
  region size 1024K, 3 young (3072K), 3 survivors (3072K)
 Metaspace       used 547K, capacity 4599K, committed 4864K, reserved 1056768K
  class space    used 41K, capacity 402K, committed 512K, reserved 1048576K
}
Event: 0.487 GC heap before
{Heap before GC invocations=2 (full 0):
 garbage-first heap   total 96256K, used 20480K [0x00000000a2200000, 0x0000000100000000)
  region size 1024K, 4 young (4096K), 3 survivors (3072K)
 Metaspace       used 547K, capacity 4599K, committed 4864K, reserved 1056768K
  class space    used 41K, capacity 402K, committed 512K, reserved 1048576K
}
Event: 0.493 GC heap after
{Heap after GC invocations=3 (full 0):
 garbage-first heap   total 96256K, used 20878K [0x00000000a2200000, 0x0000000100000000)
  region size 1024K, 1 young (1024K), 1 survivors (1024K)
 Metaspace       used 547K, capacity 4599K, committed 4864K, reserved 1056768K
  class space    used 41K, capacity 402K, committed 512K, reserved 1048576K
}
Event: 0.508 GC heap before
{Heap before GC invocations=3 (full 0):
 garbage-first heap   total 96256K, used 25998K [0x00000000a2200000, 0x0000000100000000)
  region size 1024K, 6 young (6144K), 1 survivors (1024K)
 Metaspace       used 548K, capacity 4599K, committed 4864K, reserved 1056768K
  class space    used 41K, capacity 402K, committed 512K, reserved 1048576K
}
Event: 0.514 GC heap after
{Heap after GC invocations=4 (full 0):
 garbage-first heap   total 96256K, used 23340K [0x00000000a2200000, 0x0000000100000000)
  region size 1024K, 1 young (1024K), 1 survivors (1024K)
 Metaspace       used 548K, capacity 4599K, committed 4864K, reserved 1056768K
  class space    used 41K, capacity 402K, committed 512K, reserved 1048576K
}
Event: 0.573 GC heap before
{Heap before GC invocations=4 (full 0):
 garbage-first heap   total 96256K, used 41772K [0x00000000a2200000, 0x0000000100000000)
  region size 1024K, 19 young (19456K), 1 survivors (1024K)
 Metaspace       used 548K, capacity 4599K, committed 4864K, reserved 1056768K
  class space    used 41K, capacity 402K, committed 512K, reserved 1048576K
}

