# JRE version: Java(TM) SE Runtime Environment (13.0.2+8) (build 13.0.2+8)
# Java VM: Java HotSpot(TM) 64-Bit Server VM (13.0.2+8, mixed mode, sharing, tiered, compressed oops, g1 gc, windows-amd64)
Heap:
 garbage-first heap   total 753664K, used 249845K [0x00000000a2200000, 0x0000000100000000)
  region size 1024K, 2 young (2048K), 2 survivors (2048K)
 Metaspace       used 705K, capacity 4723K, committed 4864K, reserved 1056768K
  class space    used 56K, capacity 446K, committed 512K, reserved 1048576K
GC Heap History (20 events):
Event: 0.709 GC heap after
{Heap after GC invocations=3 (full 0):
 garbage-first heap   total 96256K, used 35328K [0x00000000a2200000, 0x0000000100000000)
  region size 1024K, 1 young (1024K), 1 survivors (1024K)
 Metaspace       used 643K, capacity 4713K, committed 4864K, reserved 1056768K
  class space    used 53K, capacity 442K, committed 512K, reserved 1048576K
}
Event: 0.722 GC heap before
{Heap before GC invocations=3 (full 0):
 garbage-first heap   total 96256K, used 38400K [0x00000000a2200000, 0x0000000100000000)
  region size 1024K, 4 young (4096K), 1 survivors (1024K)
 Metaspace       used 643K, capacity 4713K, committed 4864K, reserved 1056768K
  class space    used 53K, capacity 442K, committed 512K, reserved 1048576K
}
Event: 0.740 GC heap after
{Heap after GC invocations=4 (full 0):
 garbage-first heap   total 96256K, used 38400K [0x00000000a2200000, 0x0000000100000000)
  region size 1024K, 1 young (1024K), 1 survivors (1024K)
 Metaspace       used 643K, capacity 4713K, committed 4864K, reserved 1056768K
  class space    used 53K, capacity 442K, committed 512K, reserved 1048576K
}
Event: 0.753 GC heap before
{Heap before GC invocations=4 (full 0):
 garbage-first heap   total 96256K, used 41472K [0x00000000a2200000, 0x0000000100000000)
  region size 1024K, 4 young (4096K), 1 survivors (1024K)
 Metaspace       used 643K, capacity 4713K, committed 4864K, reserved 1056768K
  class space    used 53K, capacity 442K, committed 512K, reserved 1048576K
}
Event: 0.764 GC heap after
{Heap after GC invocations=5 (full 0):
 garbage-first heap   total 228352K, used 41669K [0x00000000a2200000, 0x0000000100000000)
  region size 1024K, 1 young (1024K), 1 survivors (1024K)
 Metaspace       used 643K, capacity 4713K, committed 4864K, reserved 1056768K
  class space    used 53K, capacity 442K, committed 512K, reserved 1048576K
}
Event: 0.855 GC heap before
{Heap before GC invocations=5 (full 0):
 garbage-first heap   total 228352K, used 59077K [0x00000000a2200000, 0x0000000100000000)
  region size 1024K, 18 young (18432K), 1 survivors (1024K)
 Metaspace       used 643K, capacity 4713K, committed 4864K, reserved 1056768K
  class space    used 53K, capacity 442K, committed 512K, reserved 1048576K
}
Event: 0.895 GC heap after
{Heap after GC invocations=6 (full 0):
 garbage-first heap   total 228352K, used 58992K [0x00000000a2200000, 0x0000000100000000)
  region size 1024K, 3 young (3072K), 3 survivors (3072K)
 Metaspace       used 643K, capacity 4713K, committed 4864K, reserved 1056768K
  class space    used 53K, capacity 442K, committed 512K, reserved 1048576K
}
Event: 0.946 GC heap before
{Heap before GC invocations=6 (full 0):
 garbage-first heap   total 228352K, used 76400K [0x00000000a2200000, 0x0000000100000000)
  region size 1024K, 17 young (17408K), 3 survivors (3072K)
 Metaspace       used 664K, capacity 4723K, committed 4864K, reserved 1056768K
  class space    used 55K, capacity 446K, committed 512K, reserved 1048576K
}
Event: 0.974 GC heap after
{Heap after GC invocations=7 (full 0):
 garbage-first heap   total 228352K, used 77758K [0x00000000a2200000, 0x0000000100000000)
  region size 1024K, 3 young (3072K), 3 survivors (3072K)
 Metaspace       used 664K, capacity 4723K, committed 4864K, reserved 1056768K
  class space    used 55K, capacity 446K, committed 512K, reserved 1048576K
}
Event: 1.017 GC heap before
{Heap before GC invocations=7 (full 0):
 garbage-first heap   total 228352K, used 108478K [0x00000000a2200000, 0x0000000100000000)
  region size 1024K, 21 young (21504K), 3 survivors (3072K)
 Metaspace       used 666K, capacity 4723K, committed 4864K, reserved 1056768K
  class space    used 55K, capacity 446K, committed 512K, reserved 1048576K
}
Event: 1.036 GC heap after
{Heap after GC invocations=8 (full 0):
 garbage-first heap   total 228352K, used 109562K [0x00000000a2200000, 0x0000000100000000)
  region size 1024K, 3 young (3072K), 3 survivors (3072K)
 Metaspace       used 666K, capacity 4723K, committed 4864K, reserved 1056768K
  class space    used 55K, capacity 446K, committed 512K, reserved 1048576K
}
Event: 1.059 GC heap before
{Heap before GC invocations=8 (full 0):
 garbage-first heap   total 228352K, used 120826K [0x00000000a2200000, 0x0000000100000000)
  region size 1024K, 15 young (15360K), 3 survivors (3072K)
 Metaspace       used 667K, capacity 4723K, committed 4864K, reserved 1056768K
  class space    used 55K, capacity 446K, committed 512K, reserved 1048576K
}
Event: 1.073 GC heap after
{Heap after GC invocations=9 (full 0):
 garbage-first heap   total 553984K, used 122368K [0x00000000a2200000, 0x0000000100000000)
  region size 1024K, 4 young (4096K), 4 survivors (4096K)
 Metaspace       used 667K, capacity 4723K, committed 4864K, reserved 1056768K
  class space    used 55K, capacity 446K, committed 512K, reserved 1048576K
}
Event: 1.127 GC heap before
{Heap before GC invocations=9 (full 0):
 garbage-first heap   total 553984K, used 185856K [0x00000000a2200000, 0x0000000100000000)
  region size 1024K, 55 young (56320K), 4 survivors (4096K)
 Metaspace       used 667K, capacity 4723K, committed 4864K, reserved 1056768K
  class space    used 55K, capacity 446K, committed 512K, reserved 1048576K
}
Event: 1.158 GC heap after
{Heap after GC invocations=10 (full 0):
 garbage-first heap   total 553984K, used 186368K [0x00000000a2200000, 0x0000000100000000)
  region size 1024K, 7 young (7168K), 7 survivors (7168K)
 Metaspace       used 667K, capacity 4723K, committed 4864K, reserved 1056768K
  class space    used 55K, capacity 446K, committed 512K, reserved 1048576K
}
Event: 2.133 GC heap before
{Heap before GC invocations=11 (full 0):
 garbage-first heap   total 553984K, used 249856K [0x00000000a2200000, 0x0000000100000000)
  region size 1024K, 67 young (68608K), 7 survivors (7168K)
 Metaspace       used 703K, capacity 4723K, committed 4864K, reserved 1056768K
  class space    used 55K, capacity 446K, committed 512K, reserved 1048576K
}
Event: 2.156 GC heap after
{Heap after GC invocations=12 (full 0):
 garbage-first heap   total 553984K, used 235520K [0x00000000a2200000, 0x0000000100000000)
  region size 1024K, 9 young (9216K), 9 survivors (9216K)
 Metaspace       used 703K, capacity 4723K, committed 4864K, reserved 1056768K
  class space    used 55K, capacity 446K, committed 512K, reserved 1048576K
}
Event: 3.984 GC heap before
{Heap before GC invocations=12 (full 0):
 garbage-first heap   total 553984K, used 321536K [0x00000000a2200000, 0x0000000100000000)
  region size 1024K, 78 young (79872K), 9 survivors (9216K)
 Metaspace       used 705K, capacity 4723K, committed 4864K, reserved 1056768K
  class space    used 56K, capacity 446K, committed 512K, reserved 1048576K
}
Event: 4.049 GC heap after
{Heap after GC invocations=13 (full 0):
 garbage-first heap   total 553984K, used 230223K [0x00000000a2200000, 0x0000000100000000)
  region size 1024K, 3 young (3072K), 3 survivors (3072K)
 Metaspace       used 705K, capacity 4723K, committed 4864K, reserved 1056768K
  class space    used 56K, capacity 446K, committed 512K, reserved 1048576K
}
Event: 5.887 GC heap before
{Heap before GC invocations=14 (full 0):
 garbage-first heap   total 553984K, used 343887K [0x00000000a2200000, 0x0000000100000000)
  region size 1024K, 94 young (96256K), 3 survivors (3072K)
 Metaspace       used 705K, capacity 4723K, committed 4864K, reserved 1056768K
  class space    used 56K, capacity 446K, committed 512K, reserved 1048576K
}

