# JRE version: Java(TM) SE Runtime Environment (13.0.2+8) (build 13.0.2+8)
# Java VM: Java HotSpot(TM) 64-Bit Server VM (13.0.2+8, mixed mode, sharing, tiered, compressed oops, g1 gc, windows-amd64)
Heap:
 garbage-first heap   total 781312K, used 188416K [0x00000000a2200000, 0x0000000100000000)
  region size 1024K, 12 young (12288K), 12 survivors (12288K)
 Metaspace       used 817K, capacity 4779K, committed 4864K, reserved 1056768K
  class space    used 68K, capacity 466K, committed 512K, reserved 1048576K
GC Heap History (20 events):
Event: 1.740 GC heap after
{Heap after GC invocations=10 (full 0):
 garbage-first heap   total 204800K, used 105984K [0x00000000a2200000, 0x0000000100000000)
  region size 1024K, 2 young (2048K), 2 survivors (2048K)
 Metaspace       used 684K, capacity 4723K, committed 4864K, reserved 1056768K
  class space    used 55K, capacity 446K, committed 512K, reserved 1048576K
}
Event: 1.795 GC heap before
{Heap before GC invocations=11 (full 0):
 garbage-first heap   total 204800K, used 125440K [0x00000000a2200000, 0x0000000100000000)
  region size 1024K, 25 young (25600K), 2 survivors (2048K)
 Metaspace       used 684K, capacity 4723K, committed 4864K, reserved 1056768K
  class space    used 55K, capacity 446K, committed 512K, reserved 1048576K
}
Event: 1.811 GC heap after
{Heap after GC invocations=12 (full 0):
 garbage-first heap   total 204800K, used 126435K [0x00000000a2200000, 0x0000000100000000)
  region size 1024K, 4 young (4096K), 4 survivors (4096K)
 Metaspace       used 684K, capacity 4723K, committed 4864K, reserved 1056768K
  class space    used 55K, capacity 446K, committed 512K, reserved 1048576K
}
Event: 1.814 GC heap before
{Heap before GC invocations=12 (full 0):
 garbage-first heap   total 204800K, used 127459K [0x00000000a2200000, 0x0000000100000000)
  region size 1024K, 6 young (6144K), 4 survivors (4096K)
 Metaspace       used 684K, capacity 4723K, committed 4864K, reserved 1056768K
  class space    used 55K, capacity 446K, committed 512K, reserved 1048576K
}
Event: 1.819 GC heap after
{Heap after GC invocations=13 (full 0):
 garbage-first heap   total 204800K, used 129203K [0x00000000a2200000, 0x0000000100000000)
  region size 1024K, 3 young (3072K), 3 survivors (3072K)
 Metaspace       used 684K, capacity 4723K, committed 4864K, reserved 1056768K
  class space    used 55K, capacity 446K, committed 512K, reserved 1048576K
}
Event: 1.856 GC heap before
{Heap before GC invocations=13 (full 0):
 garbage-first heap   total 204800K, used 150707K [0x00000000a2200000, 0x0000000100000000)
  region size 1024K, 19 young (19456K), 3 survivors (3072K)
 Metaspace       used 684K, capacity 4723K, committed 4864K, reserved 1056768K
  class space    used 55K, capacity 446K, committed 512K, reserved 1048576K
}
Event: 1.870 GC heap after
{Heap after GC invocations=14 (full 0):
 garbage-first heap   total 204800K, used 151298K [0x00000000a2200000, 0x0000000100000000)
  region size 1024K, 3 young (3072K), 3 survivors (3072K)
 Metaspace       used 684K, capacity 4723K, committed 4864K, reserved 1056768K
  class space    used 55K, capacity 446K, committed 512K, reserved 1048576K
}
Event: 2.028 GC heap before
{Heap before GC invocations=15 (full 0):
 garbage-first heap   total 268288K, used 166658K [0x00000000a2200000, 0x0000000100000000)
  region size 1024K, 13 young (13312K), 3 survivors (3072K)
 Metaspace       used 713K, capacity 4723K, committed 4864K, reserved 1056768K
  class space    used 55K, capacity 446K, committed 512K, reserved 1048576K
}
Event: 2.037 GC heap after
{Heap after GC invocations=16 (full 0):
 garbage-first heap   total 591872K, used 161653K [0x00000000a2200000, 0x0000000100000000)
  region size 1024K, 2 young (2048K), 2 survivors (2048K)
 Metaspace       used 713K, capacity 4723K, committed 4864K, reserved 1056768K
  class space    used 55K, capacity 446K, committed 512K, reserved 1048576K
}
Event: 4.115 GC heap before
{Heap before GC invocations=16 (full 0):
 garbage-first heap   total 591872K, used 325493K [0x00000000a2200000, 0x0000000100000000)
  region size 1024K, 115 young (117760K), 2 survivors (2048K)
 Metaspace       used 734K, capacity 4734K, committed 4864K, reserved 1056768K
  class space    used 58K, capacity 451K, committed 512K, reserved 1048576K
}
Event: 4.118 GC heap after
{Heap after GC invocations=17 (full 0):
 garbage-first heap   total 591872K, used 153957K [0x00000000a2200000, 0x0000000100000000)
  region size 1024K, 3 young (3072K), 3 survivors (3072K)
 Metaspace       used 734K, capacity 4734K, committed 4864K, reserved 1056768K
  class space    used 58K, capacity 451K, committed 512K, reserved 1048576K
}
Event: 4.970 GC heap before
{Heap before GC invocations=17 (full 0):
 garbage-first heap   total 591872K, used 393573K [0x00000000a2200000, 0x0000000100000000)
  region size 1024K, 181 young (185344K), 3 survivors (3072K)
 Metaspace       used 816K, capacity 4779K, committed 4864K, reserved 1056768K
  class space    used 68K, capacity 466K, committed 512K, reserved 1048576K
}
Event: 5.053 GC heap after
{Heap after GC invocations=18 (full 0):
 garbage-first heap   total 591872K, used 332296K [0x00000000a2200000, 0x0000000100000000)
  region size 1024K, 23 young (23552K), 23 survivors (23552K)
 Metaspace       used 816K, capacity 4779K, committed 4864K, reserved 1056768K
  class space    used 68K, capacity 466K, committed 512K, reserved 1048576K
}
Event: 5.121 GC heap before
{Heap before GC invocations=18 (full 0):
 garbage-first heap   total 591872K, used 354824K [0x00000000a2200000, 0x0000000100000000)
  region size 1024K, 46 young (47104K), 23 survivors (23552K)
 Metaspace       used 816K, capacity 4779K, committed 4864K, reserved 1056768K
  class space    used 68K, capacity 466K, committed 512K, reserved 1048576K
}
Event: 5.134 GC heap after
{Heap after GC invocations=19 (full 0):
 garbage-first heap   total 591872K, used 318828K [0x00000000a2200000, 0x0000000100000000)
  region size 1024K, 1 young (1024K), 1 survivors (1024K)
 Metaspace       used 816K, capacity 4779K, committed 4864K, reserved 1056768K
  class space    used 68K, capacity 466K, committed 512K, reserved 1048576K
}
Event: 5.268 GC heap before
{Heap before GC invocations=20 (full 0):
 garbage-first heap   total 591872K, used 295276K [0x00000000a2200000, 0x0000000100000000)
  region size 1024K, 88 young (90112K), 1 survivors (1024K)
 Metaspace       used 817K, capacity 4779K, committed 4864K, reserved 1056768K
  class space    used 68K, capacity 466K, committed 512K, reserved 1048576K
}
Event: 5.301 GC heap after
{Heap after GC invocations=21 (full 0):
 garbage-first heap   total 591872K, used 244224K [0x00000000a2200000, 0x0000000100000000)
  region size 1024K, 11 young (11264K), 11 survivors (11264K)
 Metaspace       used 817K, capacity 4779K, committed 4864K, reserved 1056768K
  class space    used 68K, capacity 466K, committed 512K, reserved 1048576K
}
Event: 5.460 GC heap before
{Heap before GC invocations=21 (full 0):
 garbage-first heap   total 591872K, used 347648K [0x00000000a2200000, 0x0000000100000000)
  region size 1024K, 96 young (98304K), 11 survivors (11264K)
 Metaspace       used 817K, capacity 4779K, committed 4864K, reserved 1056768K
  class space    used 68K, capacity 466K, committed 512K, reserved 1048576K
}
Event: 5.490 GC heap after
{Heap after GC invocations=22 (full 0):
 garbage-first heap   total 591872K, used 317952K [0x00000000a2200000, 0x0000000100000000)
  region size 1024K, 16 young (16384K), 16 survivors (16384K)
 Metaspace       used 817K, capacity 4779K, committed 4864K, reserved 1056768K
  class space    used 68K, capacity 466K, committed 512K, reserved 1048576K
}
Event: 5.801 GC heap before
{Heap before GC invocations=23 (full 0):
 garbage-first heap   total 591872K, used 297472K [0x00000000a2200000, 0x0000000100000000)
  region size 1024K, 93 young (95232K), 16 survivors (16384K)
 Metaspace       used 817K, capacity 4779K, committed 4864K, reserved 1056768K
  class space    used 68K, capacity 466K, committed 512K, reserved 1048576K
}

